F:\WORKSTATION\REMOTERENDERER\RELEASE\REMOTERENDERER.EXE
F:\WorkStation\RemoteRenderer\Release\RemoteRenderer.pdb
F:\WORKSTATION\REMOTERENDERER\REMOTERENDERER\RELEASE\APPENGINECLIENT.OBJ
F:\WORKSTATION\REMOTERENDERER\REMOTERENDERER\RELEASE\CFIRSTPERSONMANIPULATOR.OBJ
F:\WorkStation\RemoteRenderer\RemoteRenderer\Release\cl.command.1.tlog
F:\WorkStation\RemoteRenderer\RemoteRenderer\Release\CL.read.1.tlog
F:\WorkStation\RemoteRenderer\RemoteRenderer\Release\CL.write.1.tlog
F:\WORKSTATION\REMOTERENDERER\REMOTERENDERER\RELEASE\CLIENT.OBJ
F:\WORKSTATION\REMOTERENDERER\REMOTERENDERER\RELEASE\CLIENTTABLE.OBJ
F:\WORKSTATION\REMOTERENDERER\REMOTERENDERER\RELEASE\COMPRESSOR.OBJ
F:\WorkStation\RemoteRenderer\RemoteRenderer\Release\link.command.1.tlog
F:\WorkStation\RemoteRenderer\RemoteRenderer\Release\link.read.1.tlog
F:\WorkStation\RemoteRenderer\RemoteRenderer\Release\link.write.1.tlog
F:\WORKSTATION\REMOTERENDERER\REMOTERENDERER\RELEASE\MAIN.OBJ
F:\WORKSTATION\REMOTERENDERER\REMOTERENDERER\RELEASE\MANIPULATOR.OBJ
F:\WORKSTATION\REMOTERENDERER\REMOTERENDERER\RELEASE\MESSAGE.OBJ
F:\WorkStation\RemoteRenderer\RemoteRenderer\Release\mt.command.1.tlog
F:\WorkStation\RemoteRenderer\RemoteRenderer\Release\mt.read.1.tlog
F:\WorkStation\RemoteRenderer\RemoteRenderer\Release\mt.write.1.tlog
F:\WORKSTATION\REMOTERENDERER\REMOTERENDERER\RELEASE\PREDICTIONCALLBACK.OBJ
F:\WORKSTATION\REMOTERENDERER\REMOTERENDERER\RELEASE\PREDRAWCALLBACK.OBJ
F:\WORKSTATION\REMOTERENDERER\REMOTERENDERER\RELEASE\QUICKLZ.OBJ
F:\WORKSTATION\REMOTERENDERER\REMOTERENDERER\RELEASE\REMOTEFIRSTPERSONMANIPULATOR.OBJ
F:\WorkStation\RemoteRenderer\RemoteRenderer\Release\RemoteRenderer.exe.intermediate.manifest
F:\WorkStation\RemoteRenderer\RemoteRenderer\Release\RemoteRenderer.vcxprojResolveAssemblyReference.cache
F:\WorkStation\RemoteRenderer\RemoteRenderer\Release\RemoteRenderer.write.1.tlog
F:\WORKSTATION\REMOTERENDERER\REMOTERENDERER\RELEASE\REMOTEVIEWER.OBJ
F:\WORKSTATION\REMOTERENDERER\REMOTERENDERER\RELEASE\SCENEMGR.OBJ
F:\WORKSTATION\REMOTERENDERER\REMOTERENDERER\RELEASE\SERVER.OBJ
F:\WORKSTATION\REMOTERENDERER\REMOTERENDERER\RELEASE\SERVERPIPELINE.OBJ
F:\WORKSTATION\REMOTERENDERER\REMOTERENDERER\RELEASE\SESSION.OBJ
F:\WORKSTATION\REMOTERENDERER\REMOTERENDERER\RELEASE\TOUCHEVENTBUFFER.OBJ
F:\WORKSTATION\REMOTERENDERER\REMOTERENDERER\RELEASE\VC100.PDB
F:\WORKSTATION\REMOTERENDERER\REMOTERENDERER\RELEASE\VIEWPOINTMGRTASK.OBJ
