生成启动时间为 2014/8/4 8:05:44。
     1>项目“F:\WorkStation\RemoteRenderer\RemoteRenderer\RemoteRenderer.vcxproj”在节点 2 上(build 个目标)。
     1>InitializeBuildStatus:
         正在对“Release\RemoteRenderer.unsuccessfulbuild”执行 Touch 任务。
       ClCompile:
         C:\Program Files (x86)\Microsoft Visual Studio 10.0\VC\bin\CL.exe /c /Zi /nologo /W3 /WX- /O2 /Oi /Oy- /GL /D _WIN32_WINNT=0x0501 /D _MBCS /Gm- /EHsc /MD /GS /Gy /fp:precise /Zc:wchar_t /Zc:forScope /Fo"Release\\" /Fd"Release\vc100.pdb" /Gd /TP /analyze- /errorReport:prompt ViewpointMgrTask.cpp
         ViewpointMgrTask.cpp
       Link:
         C:\Program Files (x86)\Microsoft Visual Studio 10.0\VC\bin\link.exe /ERRORREPORT:PROMPT /OUT:"F:\WorkStation\RemoteRenderer\Release\RemoteRenderer.exe" /NOLOGO osgText.lib osgViewer.lib osgGA.lib osgUtil.lib OpenThreads.lib osg.lib osgDB.lib jpeg.lib turbojpeg.lib kernel32.lib user32.lib gdi32.lib winspool.lib comdlg32.lib advapi32.lib shell32.lib ole32.lib oleaut32.lib uuid.lib odbc32.lib odbccp32.lib /MANIFEST /ManifestFile:"Release\RemoteRenderer.exe.intermediate.manifest" /MANIFESTUAC:"level='asInvoker' uiAccess='false'" /DEBUG /PDB:"F:\WorkStation\RemoteRenderer\Release\RemoteRenderer.pdb" /OPT:REF /OPT:ICF /LTCG /TLBID:1 /DYNAMICBASE /NXCOMPAT /IMPLIB:"F:\WorkStation\RemoteRenderer\Release\RemoteRenderer.lib" /MACHINE:X86 Release\AppEngineClient.obj
         Release\AppEngineOperatorMessage.obj
         Release\CameraOperator.obj
         Release\CFirstPersonManipulator.obj
         Release\Client.obj
         Release\ClientTable.obj
         Release\Compressor.obj
         Release\InterfaceMessgae.obj
         Release\main.obj
         Release\Manipulator.obj
         Release\Message.obj
         Release\PredictionCallback.obj
         Release\PreDrawCallBack.obj
         Release\QuickLZ.obj
         Release\RemoteFirstPersonManipulator.obj
         Release\RemoteViewer.obj
         Release\SceneMgr.obj
         Release\server.obj
         Release\ServerPipeline.obj
         Release\Session.obj
         Release\TouchEventBuffer.obj
         Release\ViewpointMgrTask.obj
         正在生成代码
         已完成代码的生成
         RemoteRenderer.vcxproj -> F:\WorkStation\RemoteRenderer\Release\RemoteRenderer.exe
       Manifest:
         C:\Program Files (x86)\Microsoft SDKs\Windows\v7.0A\bin\mt.exe /nologo /verbose /outputresource:"F:\WorkStation\RemoteRenderer\Release\RemoteRenderer.exe;#1" /manifest Release\RemoteRenderer.exe.intermediate.manifest
       FinalizeBuildStatus:
         正在删除文件“Release\RemoteRenderer.unsuccessfulbuild”。
         正在对“Release\RemoteRenderer.lastbuildstate”执行 Touch 任务。
     1>已完成生成项目“F:\WorkStation\RemoteRenderer\RemoteRenderer\RemoteRenderer.vcxproj”(build 个目标)的操作。

生成成功。

已用时间 00:01:09.46
